<?xml version="1.0" encoding="UTF-8"?>
<!-- Generated by org.testng.reporters.JUnitXMLReporter -->
<testsuite ignored="0" hostname="DESKTOP-UORHD9E" failures="0" tests="4" name="Surefire test" time="0.051" errors="0" timestamp="15 Mar 2021 12:22:41 GMT">
  <testcase classname="mvnprj.AppiumTest" name="Androidapp" time="0.012"/>
  <testcase classname="mvnprj.AppiumTest" name="IOSapp" time="0.001"/>
  <testcase classname="mvnprj.SeleniumTest" name="BrowserTest" time="0.0"/>
  <testcase classname="mvnprj.SeleniumTest" name="ElementUI" time="0.0"/>
</testsuite> <!-- Surefire test -->
