<?xml version="1.0" encoding="UTF-8"?>
<testng-results ignored="0" total="2" passed="2" failed="0" skipped="0">
  <reporter-output>
  </reporter-output>
  <suite started-at="2021-03-15T12:33:21Z" name="Suite" finished-at="2021-03-15T12:33:21Z" duration-ms="61">
    <groups>
    </groups>
    <test started-at="2021-03-15T12:33:21Z" name="Test" finished-at="2021-03-15T12:33:21Z" duration-ms="61">
      <class name="mvnprj.SeleniumTest">
        <test-method signature="BrowserTest()[pri:0, instance:mvnprj.SeleniumTest@771a660]" started-at="2021-03-15T12:33:21Z" name="BrowserTest" finished-at="2021-03-15T12:33:21Z" duration-ms="18" status="PASS">
          <reporter-output>
          </reporter-output>
        </test-method> <!-- BrowserTest -->
        <test-method signature="ElementUI()[pri:0, instance:mvnprj.SeleniumTest@771a660]" started-at="2021-03-15T12:33:21Z" name="ElementUI" finished-at="2021-03-15T12:33:21Z" duration-ms="0" status="PASS">
          <reporter-output>
          </reporter-output>
        </test-method> <!-- ElementUI -->
      </class> <!-- mvnprj.SeleniumTest -->
    </test> <!-- Test -->
  </suite> <!-- Suite -->
</testng-results>
